
SQL*Loader: Release 21.0.0.0.0 - Production on Wed Feb 14 12:19:02 2024
Version 21.3.0.0.0

Copyright (c) 1982, 2021, Oracle and/or its affiliates.  All rights reserved.

Control File:   input_munros.ctl
Data File:      munros.sql
  Bad File:     munros.bad
  Discard File:  none specified
 
 (Allow all discards)

Number to load: ALL
Number to skip: 0
Errors allowed: 50
Bind array:     250 rows, maximum of 1048576 bytes
Continuation:    none specified
Path used:      Conventional

Table S2559258.MUNROS, loaded from every logical record.
Insert option in effect for this table: INSERT
TRAILING NULLCOLS option in effect

   Column Name                  Position   Len  Term Encl Datatype
------------------------------ ---------- ----- ---- ---- ---------------------
MUNRO_ID                            FIRST     *   ,       CHARACTER            
NAME                                 NEXT     *   ,       CHARACTER            
HEIGHT                               NEXT     *   ,       CHARACTER            
XCOORD                               NEXT     *   ,       CHARACTER            
YCOORD                               NEXT     *   ,       CHARACTER            
COMMENTS                             NEXT   255   ,       CHARACTER            
WALKER                               NEXT     *   ,       CHARACTER            

Record 57: Discarded - all columns null.
Record 58: Discarded - all columns null.
Record 1: Rejected - Error on table S2559258.MUNROS, column MUNRO_ID.
ORA-01722: invalid number

Record 2: Rejected - Error on table S2559258.MUNROS, column MUNRO_ID.
ORA-01722: invalid number

Record 3: Rejected - Error on table S2559258.MUNROS, column MUNRO_ID.
ORA-01722: invalid number

Record 4: Rejected - Error on table S2559258.MUNROS, column MUNRO_ID.
ORA-01722: invalid number

Record 5: Rejected - Error on table S2559258.MUNROS, column MUNRO_ID.
ORA-01722: invalid number

Record 6: Rejected - Error on table S2559258.MUNROS, column MUNRO_ID.
ORA-01722: invalid number

Record 7: Rejected - Error on table S2559258.MUNROS, column MUNRO_ID.
ORA-01722: invalid number

Record 8: Rejected - Error on table S2559258.MUNROS, column MUNRO_ID.
ORA-01722: invalid number

Record 9: Rejected - Error on table S2559258.MUNROS, column MUNRO_ID.
ORA-01722: invalid number

Record 10: Rejected - Error on table S2559258.MUNROS, column MUNRO_ID.
ORA-01722: invalid number

Record 11: Rejected - Error on table S2559258.MUNROS, column MUNRO_ID.
ORA-01722: invalid number

Record 12: Rejected - Error on table S2559258.MUNROS, column MUNRO_ID.
ORA-01722: invalid number

Record 13: Rejected - Error on table S2559258.MUNROS, column MUNRO_ID.
ORA-01722: invalid number

Record 14: Rejected - Error on table S2559258.MUNROS, column MUNRO_ID.
ORA-01722: invalid number

Record 15: Rejected - Error on table S2559258.MUNROS, column MUNRO_ID.
ORA-01722: invalid number

Record 16: Rejected - Error on table S2559258.MUNROS, column MUNRO_ID.
ORA-01722: invalid number

Record 17: Rejected - Error on table S2559258.MUNROS, column MUNRO_ID.
ORA-01722: invalid number

Record 18: Rejected - Error on table S2559258.MUNROS, column MUNRO_ID.
ORA-01722: invalid number

Record 19: Rejected - Error on table S2559258.MUNROS, column MUNRO_ID.
ORA-01722: invalid number

Record 20: Rejected - Error on table S2559258.MUNROS, column MUNRO_ID.
ORA-01722: invalid number

Record 21: Rejected - Error on table S2559258.MUNROS, column MUNRO_ID.
ORA-01722: invalid number

Record 22: Rejected - Error on table S2559258.MUNROS, column MUNRO_ID.
ORA-01722: invalid number

Record 23: Rejected - Error on table S2559258.MUNROS, column MUNRO_ID.
ORA-01722: invalid number

Record 24: Rejected - Error on table S2559258.MUNROS, column MUNRO_ID.
ORA-01722: invalid number

Record 25: Rejected - Error on table S2559258.MUNROS, column MUNRO_ID.
ORA-01722: invalid number

Record 26: Rejected - Error on table S2559258.MUNROS, column MUNRO_ID.
ORA-01722: invalid number

Record 27: Rejected - Error on table S2559258.MUNROS, column MUNRO_ID.
ORA-01722: invalid number

Record 28: Rejected - Error on table S2559258.MUNROS, column MUNRO_ID.
ORA-01722: invalid number

Record 29: Rejected - Error on table S2559258.MUNROS, column MUNRO_ID.
ORA-01722: invalid number

Record 30: Rejected - Error on table S2559258.MUNROS, column MUNRO_ID.
ORA-01722: invalid number

Record 31: Rejected - Error on table S2559258.MUNROS, column MUNRO_ID.
ORA-01722: invalid number

Record 32: Rejected - Error on table S2559258.MUNROS, column MUNRO_ID.
ORA-01722: invalid number

Record 33: Rejected - Error on table S2559258.MUNROS, column MUNRO_ID.
ORA-01722: invalid number

Record 34: Rejected - Error on table S2559258.MUNROS, column MUNRO_ID.
ORA-01722: invalid number

Record 35: Rejected - Error on table S2559258.MUNROS, column MUNRO_ID.
ORA-01722: invalid number

Record 36: Rejected - Error on table S2559258.MUNROS, column MUNRO_ID.
ORA-01722: invalid number

Record 37: Rejected - Error on table S2559258.MUNROS, column MUNRO_ID.
ORA-01722: invalid number

Record 38: Rejected - Error on table S2559258.MUNROS, column MUNRO_ID.
ORA-01722: invalid number

Record 39: Rejected - Error on table S2559258.MUNROS, column MUNRO_ID.
ORA-01722: invalid number

Record 40: Rejected - Error on table S2559258.MUNROS, column MUNRO_ID.
ORA-01722: invalid number

Record 41: Rejected - Error on table S2559258.MUNROS, column MUNRO_ID.
ORA-01722: invalid number

Record 42: Rejected - Error on table S2559258.MUNROS, column MUNRO_ID.
ORA-01722: invalid number

Record 43: Rejected - Error on table S2559258.MUNROS, column MUNRO_ID.
ORA-01722: invalid number

Record 44: Rejected - Error on table S2559258.MUNROS, column MUNRO_ID.
ORA-01722: invalid number

Record 45: Rejected - Error on table S2559258.MUNROS, column MUNRO_ID.
ORA-01722: invalid number

Record 46: Rejected - Error on table S2559258.MUNROS, column MUNRO_ID.
ORA-01722: invalid number

Record 47: Rejected - Error on table S2559258.MUNROS, column MUNRO_ID.
ORA-01722: invalid number

Record 48: Rejected - Error on table S2559258.MUNROS, column MUNRO_ID.
ORA-01722: invalid number

Record 49: Rejected - Error on table S2559258.MUNROS, column MUNRO_ID.
ORA-01722: invalid number

Record 50: Rejected - Error on table S2559258.MUNROS, column MUNRO_ID.
ORA-01722: invalid number

Record 51: Rejected - Error on table S2559258.MUNROS, column MUNRO_ID.
ORA-01722: invalid number


MAXIMUM ERROR COUNT EXCEEDED - Above statistics reflect partial run.

Table S2559258.MUNROS:
  0 Rows successfully loaded.
  51 Rows not loaded due to data errors.
  0 Rows not loaded because all WHEN clauses were failed.
  2 Rows not loaded because all fields were null.


Space allocated for bind array:                 451500 bytes(250 rows)
Read   buffer bytes: 1048576

Total logical records skipped:          0
Total logical records read:            58
Total logical records rejected:        51
Total logical records discarded:        2

Run began on Wed Feb 14 12:19:02 2024
Run ended on Wed Feb 14 12:19:09 2024

Elapsed time was:     00:00:06.45
CPU time was:         00:00:00.04
